<?xml version="1.0" encoding="UTF-8"?>
<testsuite name="org.example.list.LinkedListTest" tests="4" skipped="0" failures="0" errors="0" timestamp="2024-04-17T18:57:20" hostname="BIGBOX" time="0.011">
  <properties/>
  <testcase name="testAdd()" classname="org.example.list.LinkedListTest" time="0.008"/>
  <testcase name="testRemoveMissing()" classname="org.example.list.LinkedListTest" time="0.0"/>
  <testcase name="testRemove()" classname="org.example.list.LinkedListTest" time="0.0"/>
  <testcase name="testConstructor()" classname="org.example.list.LinkedListTest" time="0.001"/>
  <system-out><![CDATA[]]></system-out>
  <system-err><![CDATA[]]></system-err>
</testsuite>
